2025-09-21 05:32:08 | INFO | runner | Simulation run created | seed=0 | steps=3 | dt_min=15 | run_dir=/private/var/folders/6j/t6d6_fqd791cf0hg29p22v4c0000gn/T/pytest-of-zephon/pytest-92/test_simulate_scenario_produce0/demo
2025-09-21 05:32:08 | INFO | runner | Step 1/3 | residual_max=4.768e-07 | residual_mean=3.576e-07
2025-09-21 05:32:08 | INFO | runner | Step 2/3 | residual_max=4.768e-07 | residual_mean=3.576e-07
2025-09-21 05:32:08 | INFO | runner | Step 3/3 | residual_max=4.768e-07 | residual_mean=3.576e-07
2025-09-21 05:32:08 | INFO | runner | Metrics written to logs/demo/metrics.csv
2025-09-21 05:32:08 | INFO | runner | Summary | final_residual=4.768e-07 | mean_residual=3.576e-07 | interfaces=2
2025-09-21 06:01:10 | INFO | runner | Simulation run created | seed=0 | steps=3 | dt_min=15 | run_dir=/private/var/folders/6j/t6d6_fqd791cf0hg29p22v4c0000gn/T/pytest-of-zephon/pytest-100/test_simulate_scenario_produce0/demo
2025-09-21 06:01:10 | INFO | runner | Step 1/3 | residual_max=4.768e-07 | residual_mean=3.576e-07
2025-09-21 06:01:10 | INFO | runner | Step 2/3 | residual_max=4.768e-07 | residual_mean=3.576e-07
2025-09-21 06:01:10 | INFO | runner | Step 3/3 | residual_max=4.768e-07 | residual_mean=3.576e-07
2025-09-21 06:01:10 | INFO | runner | Metrics written to logs/demo/metrics.csv
2025-09-21 06:01:10 | INFO | runner | Summary | final_residual=4.768e-07 | mean_residual=3.576e-07 | interfaces=2
2025-09-21 06:05:16 | INFO | runner | Simulation run created | seed=0 | steps=3 | dt_min=15 | run_dir=/private/var/folders/6j/t6d6_fqd791cf0hg29p22v4c0000gn/T/pytest-of-zephon/pytest-101/test_simulate_scenario_produce0/demo
2025-09-21 06:05:16 | INFO | runner | Step 1/3 | residual_max=4.768e-07 | residual_mean=3.576e-07
2025-09-21 06:05:16 | INFO | runner | Step 2/3 | residual_max=4.768e-07 | residual_mean=3.576e-07
2025-09-21 06:05:16 | INFO | runner | Step 3/3 | residual_max=4.768e-07 | residual_mean=3.576e-07
2025-09-21 06:05:16 | INFO | runner | Metrics written to logs/demo/metrics.csv
2025-09-21 06:05:16 | INFO | runner | Summary | final_residual=4.768e-07 | mean_residual=3.576e-07 | interfaces=2
2025-09-21 06:09:16 | INFO | runner | Simulation run created | seed=0 | steps=3 | dt_min=15 | run_dir=/private/var/folders/6j/t6d6_fqd791cf0hg29p22v4c0000gn/T/pytest-of-zephon/pytest-102/test_simulate_scenario_produce0/demo
2025-09-21 06:09:16 | INFO | runner | Step 1/3 | residual_max=4.768e-07 | residual_mean=3.576e-07
2025-09-21 06:09:16 | INFO | runner | Step 2/3 | residual_max=4.768e-07 | residual_mean=3.576e-07
2025-09-21 06:09:16 | INFO | runner | Step 3/3 | residual_max=4.768e-07 | residual_mean=3.576e-07
2025-09-21 06:09:16 | INFO | runner | Metrics written to logs/demo/metrics.csv
2025-09-21 06:09:16 | INFO | runner | Summary | final_residual=4.768e-07 | mean_residual=3.576e-07 | interfaces=2
2025-09-21 06:12:04 | INFO | runner | Simulation run created | seed=0 | steps=3 | dt_min=15 | run_dir=/private/var/folders/6j/t6d6_fqd791cf0hg29p22v4c0000gn/T/pytest-of-zephon/pytest-103/test_simulate_scenario_produce0/demo
2025-09-21 06:12:04 | INFO | runner | Step 1/3 | residual_max=4.768e-07 | residual_mean=3.576e-07
2025-09-21 06:12:04 | INFO | runner | Step 2/3 | residual_max=4.768e-07 | residual_mean=3.576e-07
2025-09-21 06:12:04 | INFO | runner | Step 3/3 | residual_max=4.768e-07 | residual_mean=3.576e-07
2025-09-21 06:12:04 | INFO | runner | Metrics written to logs/demo/metrics.csv
2025-09-21 06:12:04 | INFO | runner | Summary | final_residual=4.768e-07 | mean_residual=3.576e-07 | interfaces=2
2025-09-21 06:17:22 | INFO | runner | Simulation run created | seed=0 | steps=3 | dt_min=15 | run_dir=/private/var/folders/6j/t6d6_fqd791cf0hg29p22v4c0000gn/T/pytest-of-zephon/pytest-105/test_simulate_scenario_produce0/demo
2025-09-21 06:17:22 | INFO | runner | Step 1/3 | residual_max=4.768e-07 | residual_mean=3.576e-07
2025-09-21 06:17:22 | INFO | runner | Step 2/3 | residual_max=4.768e-07 | residual_mean=3.576e-07
2025-09-21 06:17:22 | INFO | runner | Step 3/3 | residual_max=4.768e-07 | residual_mean=3.576e-07
2025-09-21 06:17:22 | INFO | runner | Metrics written to logs/demo/metrics.csv
2025-09-21 06:17:22 | INFO | runner | Summary | final_residual=4.768e-07 | mean_residual=3.576e-07 | interfaces=2
2025-09-21 06:58:51 | INFO | runner | Simulation run created | seed=0 | steps=3 | dt_min=15 | run_dir=/private/var/folders/6j/t6d6_fqd791cf0hg29p22v4c0000gn/T/pytest-of-zephon/pytest-106/test_simulate_scenario_produce0/demo
2025-09-21 06:58:51 | INFO | runner | Step 1/3 | residual_max=4.768e-07 | residual_mean=3.576e-07
2025-09-21 06:58:51 | INFO | runner | Step 2/3 | residual_max=4.768e-07 | residual_mean=3.576e-07
2025-09-21 06:58:51 | INFO | runner | Step 3/3 | residual_max=4.768e-07 | residual_mean=3.576e-07
2025-09-21 06:58:51 | INFO | runner | Metrics written to logs/demo/metrics.csv
2025-09-21 06:58:51 | INFO | runner | Summary | final_residual=4.768e-07 | mean_residual=3.576e-07 | interfaces=2
2025-09-21 07:04:30 | INFO | runner | Simulation run created | seed=0 | steps=3 | dt_min=15 | run_dir=/private/var/folders/6j/t6d6_fqd791cf0hg29p22v4c0000gn/T/pytest-of-zephon/pytest-107/test_simulate_scenario_produce0/demo
2025-09-21 07:04:30 | INFO | runner | Step 1/3 | residual_max=4.768e-07 | residual_mean=3.576e-07
2025-09-21 07:04:30 | INFO | runner | Step 2/3 | residual_max=4.768e-07 | residual_mean=3.576e-07
2025-09-21 07:04:30 | INFO | runner | Step 3/3 | residual_max=4.768e-07 | residual_mean=3.576e-07
2025-09-21 07:04:30 | INFO | runner | Metrics written to logs/demo/metrics.csv
2025-09-21 07:04:30 | INFO | runner | Summary | final_residual=4.768e-07 | mean_residual=3.576e-07 | interfaces=2
2025-09-21 07:04:40 | INFO | runner | Simulation run created | seed=0 | steps=6 | dt_min=15 | run_dir=runs/demo
2025-09-21 07:05:07 | INFO | runner | Simulation run created | seed=0 | steps=6 | dt_min=15 | run_dir=runs/demo
2025-09-21 07:05:10 | INFO | runner | Step 1/6 | residual_max=4.595e+02 | residual_mean=4.595e+02
2025-09-21 07:05:13 | INFO | runner | Step 2/6 | residual_max=4.595e+02 | residual_mean=4.595e+02
2025-09-21 07:05:16 | INFO | runner | Step 3/6 | residual_max=4.595e+02 | residual_mean=4.595e+02
2025-09-21 07:05:19 | INFO | runner | Step 4/6 | residual_max=4.595e+02 | residual_mean=4.595e+02
2025-09-21 07:05:22 | INFO | runner | Step 5/6 | residual_max=4.595e+02 | residual_mean=4.595e+02
2025-09-21 07:05:25 | INFO | runner | Step 6/6 | residual_max=4.595e+02 | residual_mean=4.595e+02
2025-09-21 07:05:25 | INFO | runner | Metrics written to logs/demo/metrics.csv
2025-09-21 07:05:25 | INFO | runner | Summary | final_residual=4.595e+02 | mean_residual=4.595e+02 | interfaces=1
2025-09-21 12:29:08 | INFO | runner | Simulation run created | seed=0 | steps=3 | dt_min=15 | run_dir=/private/var/folders/6j/t6d6_fqd791cf0hg29p22v4c0000gn/T/pytest-of-zephon/pytest-115/test_simulate_scenario_produce0/demo
2025-09-21 12:29:08 | INFO | runner | Step 1/3 | residual_max=4.768e-07 | residual_mean=3.576e-07
2025-09-21 12:29:08 | INFO | runner | Step 2/3 | residual_max=4.768e-07 | residual_mean=3.576e-07
2025-09-21 12:29:08 | INFO | runner | Step 3/3 | residual_max=4.768e-07 | residual_mean=3.576e-07
2025-09-21 12:29:08 | INFO | runner | Metrics written to logs/demo/metrics.csv
2025-09-21 12:29:08 | INFO | runner | Summary | final_residual=4.768e-07 | mean_residual=3.576e-07 | interfaces=2
2025-09-21 12:35:20 | INFO | runner | Simulation run created | seed=0 | steps=3 | dt_min=15 | run_dir=/private/var/folders/6j/t6d6_fqd791cf0hg29p22v4c0000gn/T/pytest-of-zephon/pytest-116/test_simulate_scenario_produce0/demo
2025-09-21 12:35:20 | INFO | runner | Step 1/3 | residual_max=4.768e-07 | residual_mean=3.576e-07
2025-09-21 12:35:20 | INFO | runner | Step 2/3 | residual_max=4.768e-07 | residual_mean=3.576e-07
2025-09-21 12:35:20 | INFO | runner | Step 3/3 | residual_max=4.768e-07 | residual_mean=3.576e-07
2025-09-21 12:35:20 | INFO | runner | Metrics written to logs/demo/metrics.csv
2025-09-21 12:35:20 | INFO | runner | Summary | final_residual=4.768e-07 | mean_residual=3.576e-07 | interfaces=2
2025-09-21 12:37:19 | INFO | runner | Simulation run created | seed=0 | steps=3 | dt_min=15 | run_dir=/private/var/folders/6j/t6d6_fqd791cf0hg29p22v4c0000gn/T/pytest-of-zephon/pytest-117/test_simulate_scenario_produce0/demo
2025-09-21 12:37:19 | INFO | runner | Step 1/3 | residual_max=4.768e-07 | residual_mean=3.576e-07
2025-09-21 12:37:19 | INFO | runner | Step 2/3 | residual_max=4.768e-07 | residual_mean=3.576e-07
2025-09-21 12:37:19 | INFO | runner | Step 3/3 | residual_max=4.768e-07 | residual_mean=3.576e-07
2025-09-21 12:37:19 | INFO | runner | Metrics written to logs/demo/metrics.csv
2025-09-21 12:37:19 | INFO | runner | Summary | final_residual=4.768e-07 | mean_residual=3.576e-07 | interfaces=2
2025-09-21 12:50:38 | INFO | runner | Simulation run created | seed=0 | steps=3 | dt_min=15 | run_dir=/private/var/folders/6j/t6d6_fqd791cf0hg29p22v4c0000gn/T/pytest-of-zephon/pytest-118/test_simulate_scenario_produce0/demo
2025-09-21 12:50:38 | INFO | runner | Step 1/3 | residual_max=4.768e-07 | residual_mean=3.576e-07
2025-09-21 12:50:38 | INFO | runner | Step 2/3 | residual_max=4.768e-07 | residual_mean=3.576e-07
2025-09-21 12:50:38 | INFO | runner | Step 3/3 | residual_max=4.768e-07 | residual_mean=3.576e-07
2025-09-21 12:50:38 | INFO | runner | Metrics written to logs/demo/metrics.csv
2025-09-21 12:58:50 | INFO | runner | Simulation run created | seed=0 | steps=3 | dt_min=15 | run_dir=/private/var/folders/6j/t6d6_fqd791cf0hg29p22v4c0000gn/T/pytest-of-zephon/pytest-119/test_simulate_scenario_produce0/demo
2025-09-21 12:58:50 | INFO | runner | Step 1/3 | residual_max=4.768e-07 | residual_mean=3.576e-07
2025-09-21 12:58:50 | INFO | runner | Step 2/3 | residual_max=4.768e-07 | residual_mean=3.576e-07
2025-09-21 12:58:50 | INFO | runner | Step 3/3 | residual_max=4.768e-07 | residual_mean=3.576e-07
2025-09-21 12:58:50 | INFO | runner | Metrics written to logs/demo/metrics.csv
2025-09-21 12:59:22 | INFO | runner | Simulation run created | seed=0 | steps=3 | dt_min=15 | run_dir=/private/var/folders/6j/t6d6_fqd791cf0hg29p22v4c0000gn/T/pytest-of-zephon/pytest-120/test_simulate_scenario_produce0/demo
2025-09-21 12:59:22 | INFO | runner | Step 1/3 | residual_max=4.768e-07 | residual_mean=3.576e-07
2025-09-21 12:59:22 | INFO | runner | Step 2/3 | residual_max=4.768e-07 | residual_mean=3.576e-07
2025-09-21 12:59:22 | INFO | runner | Step 3/3 | residual_max=4.768e-07 | residual_mean=3.576e-07
2025-09-21 12:59:22 | INFO | runner | Metrics written to logs/demo/metrics.csv
2025-09-21 12:59:52 | INFO | runner | Simulation run created | seed=0 | steps=3 | dt_min=15 | run_dir=/private/var/folders/6j/t6d6_fqd791cf0hg29p22v4c0000gn/T/pytest-of-zephon/pytest-121/test_simulate_scenario_produce0/demo
2025-09-21 12:59:52 | INFO | runner | Step 1/3 | residual_max=4.768e-07 | residual_mean=3.576e-07
2025-09-21 12:59:52 | INFO | runner | Step 2/3 | residual_max=4.768e-07 | residual_mean=3.576e-07
2025-09-21 12:59:52 | INFO | runner | Step 3/3 | residual_max=4.768e-07 | residual_mean=3.576e-07
2025-09-21 12:59:52 | INFO | runner | Metrics written to logs/demo/metrics.csv
2025-09-21 13:00:43 | INFO | runner | Simulation run created | seed=0 | steps=3 | dt_min=15 | run_dir=/private/var/folders/6j/t6d6_fqd791cf0hg29p22v4c0000gn/T/pytest-of-zephon/pytest-122/test_simulate_scenario_produce0/demo
2025-09-21 13:00:43 | INFO | runner | Step 1/3 | residual_max=4.768e-07 | residual_mean=3.576e-07
2025-09-21 13:00:43 | INFO | runner | Step 2/3 | residual_max=4.768e-07 | residual_mean=3.576e-07
2025-09-21 13:00:43 | INFO | runner | Step 3/3 | residual_max=4.768e-07 | residual_mean=3.576e-07
2025-09-21 13:00:43 | INFO | runner | Metrics written to logs/demo/metrics.csv
2025-09-21 13:02:45 | INFO | runner | Simulation run created | seed=0 | steps=3 | dt_min=15 | run_dir=/private/var/folders/6j/t6d6_fqd791cf0hg29p22v4c0000gn/T/pytest-of-zephon/pytest-123/test_simulate_scenario_produce0/demo
2025-09-21 13:02:45 | INFO | runner | Step 1/3 | residual_max=4.768e-07 | residual_mean=3.576e-07
2025-09-21 13:02:45 | INFO | runner | Step 2/3 | residual_max=4.768e-07 | residual_mean=3.576e-07
2025-09-21 13:02:45 | INFO | runner | Step 3/3 | residual_max=4.768e-07 | residual_mean=3.576e-07
2025-09-21 13:02:45 | INFO | runner | Metrics written to logs/demo/metrics.csv
